2017/03/06 10:31:41 INFO  - jmeter.util.JMeterUtils: Setting Locale to en_US 
2017/03/06 10:31:42 INFO  - jmeter.JMeter: Loading user properties from: /home/bhuwan/codehome/tools/apache-jmeter-3.1/bin/user.properties 
2017/03/06 10:31:42 INFO  - jmeter.JMeter: Loading system properties from: /home/bhuwan/codehome/tools/apache-jmeter-3.1/bin/system.properties 
2017/03/06 10:31:42 INFO  - jmeter.JMeter: Copyright (c) 1998-2016 The Apache Software Foundation 
2017/03/06 10:31:42 INFO  - jmeter.JMeter: Version 3.1 r1770033 
2017/03/06 10:31:42 INFO  - jmeter.JMeter: java.version=1.8.0_111 
2017/03/06 10:31:42 INFO  - jmeter.JMeter: java.vm.name=Java HotSpot(TM) 64-Bit Server VM 
2017/03/06 10:31:42 INFO  - jmeter.JMeter: os.name=Linux 
2017/03/06 10:31:42 INFO  - jmeter.JMeter: os.arch=amd64 
2017/03/06 10:31:42 INFO  - jmeter.JMeter: os.version=3.13.0-110-generic 
2017/03/06 10:31:42 INFO  - jmeter.JMeter: file.encoding=UTF-8 
2017/03/06 10:31:42 INFO  - jmeter.JMeter: Max memory     =3724541952 
2017/03/06 10:31:42 INFO  - jmeter.JMeter: Available Processors =4 
2017/03/06 10:31:42 INFO  - jmeter.JMeter: Default Locale=English (United States) 
2017/03/06 10:31:42 INFO  - jmeter.JMeter: JMeter  Locale=English (United States) 
2017/03/06 10:31:42 INFO  - jmeter.JMeter: JMeterHome=/home/bhuwan/codehome/tools/apache-jmeter-3.1 
2017/03/06 10:31:42 INFO  - jmeter.JMeter: user.dir  =/home/bhuwan/workspace/data-structure-playground 
2017/03/06 10:31:42 INFO  - jmeter.JMeter: PWD       =/home/bhuwan/workspace/data-structure-playground 
2017/03/06 10:31:42 INFO  - jmeter.JMeter: IP: 127.0.0.1 Name: bhuwan FullName: localhost 
2017/03/06 10:31:43 INFO  - jmeter.gui.action.LookAndFeelCommand: Using look and feel: javax.swing.plaf.metal.MetalLookAndFeel [Metal, CrossPlatform] 
2017/03/06 10:31:43 INFO  - jmeter.JMeter: Loaded icon properties from org/apache/jmeter/images/icon.properties 
2017/03/06 10:31:45 INFO  - jmeter.engine.util.CompoundVariable: Note: Function class names must contain the string: '.functions.' 
2017/03/06 10:31:45 INFO  - jmeter.engine.util.CompoundVariable: Note: Function class names must not contain the string: '.gui.' 
2017/03/06 10:31:51 WARN  - org.jmeterplugins.repository.PluginManagerMenuItem: Failed to load plugin updates info java.net.SocketTimeoutException: Read timed out
	at java.net.SocketInputStream.socketRead0(Native Method)
	at java.net.SocketInputStream.socketRead(SocketInputStream.java:116)
	at java.net.SocketInputStream.read(SocketInputStream.java:170)
	at java.net.SocketInputStream.read(SocketInputStream.java:141)
	at sun.security.ssl.InputRecord.readFully(InputRecord.java:465)
	at sun.security.ssl.InputRecord.read(InputRecord.java:503)
	at sun.security.ssl.SSLSocketImpl.readRecord(SSLSocketImpl.java:973)
	at sun.security.ssl.SSLSocketImpl.performInitialHandshake(SSLSocketImpl.java:1375)
	at sun.security.ssl.SSLSocketImpl.startHandshake(SSLSocketImpl.java:1403)
	at sun.security.ssl.SSLSocketImpl.startHandshake(SSLSocketImpl.java:1387)
	at org.apache.http.conn.ssl.SSLSocketFactory.connectSocket(SSLSocketFactory.java:553)
	at org.apache.http.conn.ssl.SSLSocketFactory.connectSocket(SSLSocketFactory.java:412)
	at org.apache.http.impl.conn.DefaultClientConnectionOperator.openConnection(DefaultClientConnectionOperator.java:179)
	at org.apache.http.impl.conn.ManagedClientConnectionImpl.open(ManagedClientConnectionImpl.java:328)
	at org.apache.http.impl.client.DefaultRequestDirector.tryConnect(DefaultRequestDirector.java:612)
	at org.apache.http.impl.client.DefaultRequestDirector.execute(DefaultRequestDirector.java:447)
	at org.apache.http.impl.client.AbstractHttpClient.doExecute(AbstractHttpClient.java:884)
	at org.apache.http.impl.client.CloseableHttpClient.execute(CloseableHttpClient.java:82)
	at org.apache.http.impl.client.CloseableHttpClient.execute(CloseableHttpClient.java:107)
	at org.apache.http.impl.client.CloseableHttpClient.execute(CloseableHttpClient.java:55)
	at org.jmeterplugins.repository.JARSourceHTTP.getJSON(JARSourceHTTP.java:104)
	at org.jmeterplugins.repository.JARSourceHTTP.getRepo(JARSourceHTTP.java:135)
	at org.jmeterplugins.repository.PluginManager.load(PluginManager.java:49)
	at org.jmeterplugins.repository.PluginManagerMenuItem.<init>(PluginManagerMenuItem.java:28)
	at org.jmeterplugins.repository.PluginManagerMenuCreator.getMenuItemsAtLocation(PluginManagerMenuCreator.java:22)
	at org.apache.jmeter.gui.util.JMeterMenuBar.addPluginsMenuItems(JMeterMenuBar.java:572)
	at org.apache.jmeter.gui.util.JMeterMenuBar.makeOptionsMenu(JMeterMenuBar.java:349)
	at org.apache.jmeter.gui.util.JMeterMenuBar.createMenuBar(JMeterMenuBar.java:268)
	at org.apache.jmeter.gui.util.JMeterMenuBar.<init>(JMeterMenuBar.java:161)
	at org.apache.jmeter.gui.MainFrame.init(MainFrame.java:493)
	at org.apache.jmeter.gui.MainFrame.<init>(MainFrame.java:241)
	at org.apache.jmeter.JMeter.startGui(JMeter.java:330)
	at org.apache.jmeter.JMeter.start(JMeter.java:483)
	at sun.reflect.NativeMethodAccessorImpl.invoke0(Native Method)
	at sun.reflect.NativeMethodAccessorImpl.invoke(NativeMethodAccessorImpl.java:62)
	at sun.reflect.DelegatingMethodAccessorImpl.invoke(DelegatingMethodAccessorImpl.java:43)
	at java.lang.reflect.Method.invoke(Method.java:498)
	at org.apache.jmeter.NewDriver.main(NewDriver.java:259)

2017/03/06 10:31:56 INFO  - jmeter.gui.util.MenuFactory: Skipping org.apache.jmeter.assertions.BSFAssertion 
2017/03/06 10:31:58 INFO  - jmeter.gui.util.MenuFactory: Skipping org.apache.jmeter.extractor.BSFPostProcessor 
2017/03/06 10:31:58 INFO  - jmeter.gui.util.MenuFactory: Skipping org.apache.jmeter.modifiers.BSFPreProcessor 
2017/03/06 10:31:58 INFO  - jmeter.protocol.http.sampler.HTTPSamplerBase: Parser for text/html is org.apache.jmeter.protocol.http.parser.LagartoBasedHtmlParser 
2017/03/06 10:31:58 INFO  - jmeter.protocol.http.sampler.HTTPSamplerBase: Parser for application/xhtml+xml is org.apache.jmeter.protocol.http.parser.LagartoBasedHtmlParser 
2017/03/06 10:31:58 INFO  - jmeter.protocol.http.sampler.HTTPSamplerBase: Parser for application/xml is org.apache.jmeter.protocol.http.parser.LagartoBasedHtmlParser 
2017/03/06 10:31:58 INFO  - jmeter.protocol.http.sampler.HTTPSamplerBase: Parser for text/xml is org.apache.jmeter.protocol.http.parser.LagartoBasedHtmlParser 
2017/03/06 10:31:58 INFO  - jmeter.protocol.http.sampler.HTTPSamplerBase: Parser for text/vnd.wap.wml is org.apache.jmeter.protocol.http.parser.RegexpHTMLParser 
2017/03/06 10:31:58 INFO  - jmeter.protocol.http.sampler.HTTPSamplerBase: Parser for text/css is org.apache.jmeter.protocol.http.parser.CssParser 
2017/03/06 10:31:59 INFO  - jorphan.exec.KeyToolUtils: keytool found at 'keytool' 
2017/03/06 10:31:59 INFO  - jmeter.protocol.http.proxy.ProxyControl: HTTP(S) Test Script Recorder SSL Proxy will use keys that support embedded 3rd party resources in file /home/bhuwan/codehome/tools/apache-jmeter-3.1/bin/proxyserver.jks 
2017/03/06 10:31:59 INFO  - jmeter.gui.util.MenuFactory: Skipping org.apache.jmeter.protocol.java.sampler.BSFSampler 
2017/03/06 10:32:00 INFO  - jmeter.gui.util.MenuFactory: Skipping org.apache.jmeter.protocol.mongodb.config.MongoSourceElement 
2017/03/06 10:32:00 INFO  - jmeter.gui.util.MenuFactory: Skipping org.apache.jmeter.protocol.mongodb.sampler.MongoScriptSampler 
2017/03/06 10:32:00 INFO  - jmeter.gui.util.MenuFactory: Skipping org.apache.jmeter.timers.BSFTimer 
2017/03/06 10:32:00 INFO  - jmeter.gui.util.MenuFactory: Skipping org.apache.jmeter.visualizers.BSFListener 
2017/03/06 10:32:00 INFO  - jmeter.gui.util.MenuFactory: Skipping org.apache.jmeter.visualizers.MonitorHealthVisualizer 
2017/03/06 10:32:00 INFO  - jmeter.samplers.SampleResult: Note: Sample TimeStamps are START times 
2017/03/06 10:32:00 INFO  - jmeter.samplers.SampleResult: sampleresult.default.encoding is set to ISO-8859-1 
2017/03/06 10:32:00 INFO  - jmeter.samplers.SampleResult: sampleresult.useNanoTime=true 
2017/03/06 10:32:00 INFO  - jmeter.samplers.SampleResult: sampleresult.nanoThreadSleep=5000 
